The Dart VM service is listening on http://127.0.0.1:58788/C-rl083lp8w=/
The Dart DevTools debugger and profiler is available at: http://127.0.0.1:58788/C-rl083lp8w=/devtools?uri=ws://127.0.0.1:58788/C-rl083lp8w=/ws
The request analysis.updateContent failed with the following error:
RequestErrorCode.PLUGIN_ERROR
A request throw the exception:PathNotFoundException(path=/Users/kimdane/workspace/matrix_test/lib/feature/2.home/presentation/page/test_page.dart; message=Cannot retrieve modification time)
#0      _PhysicalFile.modificationStamp (package:analyzer/file_system/physical_file_system.dart:118:7)
#1      _OverlayFile.modificationStamp (package:analyzer/file_system/overlay_file_system.dart:146:18)
#2      FileSource.contentsFromFile (package:analyzer/src/source/source_resource.dart:64:14)
#3      FileSource.contents (package:analyzer/src/source/source_resource.dart:51:12)
#4      ExpectLint.run (package:custom_lint_builder/src/expect_lint.dart:34:23)
#5      _ClientAnalyzerPlugin.analyzeFile.<anonymous closure> (package:custom_lint_builder/src/client.dart:828:25)
<asynchronous suspension>
#6      _ClientAnalyzerPlugin._runOperation (package:custom_lint_builder/src/client.dart:860:14)
<asynchronous suspension>
#7      _ClientAnalyzerPlugin.analyzeFile (package:custom_lint_builder/src/client.dart:781:5)
<asynchronous suspension>
#8      ServerPlugin.analyzeFiles (package:analyzer_plugin/plugin/plugin.dart:111:7)
<asynchronous suspension>
#9      ServerPlugin.handleAffectedFiles (package:analyzer_plugin/plugin/plugin.dart:211:5)
<asynchronous suspension>
#10     ServerPlugin.contentChanged.<anonymous closure> (package:analyzer_plugin/plugin/plugin.dart:141:9)
<asynchronous suspension>
#11     ServerPlugin._forAnalysisContexts (package:analyzer_plugin/plugin/plugin.dart:510:9)
<asynchronous suspension>
#12     ServerPlugin.contentChanged (package:analyzer_plugin/plugin/plugin.dart:136:7)
<asynchronous suspension>
#13     ServerPlugin.handleAnalysisUpdateContent (package:analyzer_plugin/plugin/plugin.dart:353:5)
<asynchronous suspension>
#14     ServerPlugin._getResponse (package:analyzer_plugin/plugin/plugin.dart:548:18)
<asynchronous suspension>
#15     ServerPlugin._onRequest (package:analyzer_plugin/plugin/plugin.dart:599:18)
<asynchronous suspension>

at:
#0      SocketCustomLintServerToClientChannel.sendCustomLintRequest.<anonymous closure> (package:custom_lint/src/v2/server_to_client_channel.dart:271:11)
#1      _$CustomLintResponseAnalyzerPluginResponseImpl.map (package:custom_lint/src/v2/protocol.freezed.dart:928:34)
#2      SocketCustomLintServerToClientChannel.sendCustomLintRequest (package:custom_lint/src/v2/server_to_client_channel.dart:265:14)
<asynchronous suspension>
#3      SocketCustomLintServerToClientChannel.sendAnalyzerPluginRequest (package:custom_lint/src/v2/server_to_client_channel.dart:242:22)
<asynchronous suspension>
#4      CustomLintServer._handleRequest.<anonymous closure>.<anonymous closure> (package:custom_lint/src/v2/custom_lint_analyzer_plugin.dart:177:17)
<asynchronous suspension>
#5      PendingOperation.run (package:custom_lint/src/async_operation.dart:22:14)
<asynchronous suspension>
#6      CustomLintServer._handleRequest (package:custom_lint/src/v2/custom_lint_analyzer_plugin.dart:160:22)
<asynchronous suspension>

The request analysis.updateContent failed with the following error:
RequestErrorCode.PLUGIN_ERROR
A request throw the exception:PathNotFoundException(path=/Users/kimdane/workspace/matrix_test/lib/feature/2.home/presentation/page/test2_page.dart; message=Cannot retrieve modification time)
#0      _PhysicalFile.modificationStamp (package:analyzer/file_system/physical_file_system.dart:118:7)
#1      _OverlayFile.modificationStamp (package:analyzer/file_system/overlay_file_system.dart:146:18)
#2      FileSource.contentsFromFile (package:analyzer/src/source/source_resource.dart:64:14)
#3      FileSource.contents (package:analyzer/src/source/source_resource.dart:51:12)
#4      ExpectLint.run (package:custom_lint_builder/src/expect_lint.dart:34:23)
#5      _ClientAnalyzerPlugin.analyzeFile.<anonymous closure> (package:custom_lint_builder/src/client.dart:828:25)
<asynchronous suspension>
#6      _ClientAnalyzerPlugin._runOperation (package:custom_lint_builder/src/client.dart:860:14)
<asynchronous suspension>
#7      _ClientAnalyzerPlugin.analyzeFile (package:custom_lint_builder/src/client.dart:781:5)
<asynchronous suspension>
#8      ServerPlugin.analyzeFiles (package:analyzer_plugin/plugin/plugin.dart:111:7)
<asynchronous suspension>
#9      ServerPlugin.handleAffectedFiles (package:analyzer_plugin/plugin/plugin.dart:211:5)
<asynchronous suspension>
#10     ServerPlugin.contentChanged.<anonymous closure> (package:analyzer_plugin/plugin/plugin.dart:141:9)
<asynchronous suspension>
#11     ServerPlugin._forAnalysisContexts (package:analyzer_plugin/plugin/plugin.dart:510:9)
<asynchronous suspension>
#12     ServerPlugin.contentChanged (package:analyzer_plugin/plugin/plugin.dart:136:7)
<asynchronous suspension>
#13     ServerPlugin.handleAnalysisUpdateContent (package:analyzer_plugin/plugin/plugin.dart:353:5)
<asynchronous suspension>
#14     ServerPlugin._getResponse (package:analyzer_plugin/plugin/plugin.dart:548:18)
<asynchronous suspension>
#15     ServerPlugin._onRequest (package:analyzer_plugin/plugin/plugin.dart:599:18)
<asynchronous suspension>

at:
#0      SocketCustomLintServerToClientChannel.sendCustomLintRequest.<anonymous closure> (package:custom_lint/src/v2/server_to_client_channel.dart:271:11)
#1      _$CustomLintResponseAnalyzerPluginResponseImpl.map (package:custom_lint/src/v2/protocol.freezed.dart:928:34)
#2      SocketCustomLintServerToClientChannel.sendCustomLintRequest (package:custom_lint/src/v2/server_to_client_channel.dart:265:14)
<asynchronous suspension>
#3      SocketCustomLintServerToClientChannel.sendAnalyzerPluginRequest (package:custom_lint/src/v2/server_to_client_channel.dart:242:22)
<asynchronous suspension>
#4      CustomLintServer._handleRequest.<anonymous closure>.<anonymous closure> (package:custom_lint/src/v2/custom_lint_analyzer_plugin.dart:177:17)
<asynchronous suspension>
#5      PendingOperation.run (package:custom_lint/src/async_operation.dart:22:14)
<asynchronous suspension>
#6      CustomLintServer._handleRequest (package:custom_lint/src/v2/custom_lint_analyzer_plugin.dart:160:22)
<asynchronous suspension>

The Dart VM service is listening on http://127.0.0.1:61926/1Aoupj1xklc=/
The Dart DevTools debugger and profiler is available at: http://127.0.0.1:61926/1Aoupj1xklc=/devtools?uri=ws://127.0.0.1:61926/1Aoupj1xklc=/ws
The Dart VM service is listening on http://127.0.0.1:54844/pxfX6nrj5Kk=/
The Dart DevTools debugger and profiler is available at: http://127.0.0.1:54844/pxfX6nrj5Kk=/devtools?uri=ws://127.0.0.1:54844/pxfX6nrj5Kk=/ws
The Dart VM service is listening on http://127.0.0.1:54979/9iSXK5_8GnQ=/
The Dart DevTools debugger and profiler is available at: http://127.0.0.1:54979/9iSXK5_8GnQ=/devtools?uri=ws://127.0.0.1:54979/9iSXK5_8GnQ=/ws
The request analysis.setContextRoots failed with the following error:
RequestErrorCode.PLUGIN_ERROR
Failed to read pubspec.yaml at /Users/kimdane/workspace/matrix_test:
ParsedYamlException: line 59, column 1: Expected a space but found a tab.
   ╷
59 │     firebase_storage: ^11.0.15
   │ ^^^^
   ╵
#0      checkedYamlDecode (package:checked_yaml/checked_yaml.dart:32:5)
#1      new Pubspec.parse (package:pubspec_parse/src/pubspec.dart:167:7)
#2      parsePubspec (package:custom_lint/src/package_utils.dart:84:18)
<asynchronous suspension>
#3      CustomLintProject.parse (package:custom_lint/src/workspace.dart:980:28)
<asynchronous suspension>
#4      Future.wait.<anonymous closure> (dart:async/future.dart:523:21)
<asynchronous suspension>
#5      CustomLintWorkspace.fromContextRoots (package:custom_lint/src/workspace.dart:487:22)
<asynchronous suspension>
#6      SocketCustomLintServerToClientChannel.create (package:custom_lint/src/v2/server_to_client_channel.dart:54:23)
<asynchronous suspension>
#7      CustomLintServer._maybeSpawnCustomLintPlugin (package:custom_lint/src/v2/custom_lint_analyzer_plugin.dart:347:23)
<asynchronous suspension>
#8      CustomLintServer._handleAnalysisSetContextRoots.<anonymous closure> (package:custom_lint/src/v2/custom_lint_analyzer_plugin.dart:328:9)
<asynchronous suspension>
#9      PendingOperation.run (package:custom_lint/src/async_operation.dart:22:14)
<asynchronous suspension>
#10     CustomLintServer._handleRequest (package:custom_lint/src/v2/custom_lint_analyzer_plugin.dart:160:22)
<asynchronous suspension>

at:
#0      CustomLintProject.parse.<anonymous closure> (package:custom_lint/src/workspace.dart:983:7)
#1      _rootRunBinary (dart:async/zone.dart:1423:47)
#2      _CustomZone.runBinary (dart:async/zone.dart:1315:19)
#3      _FutureListener.handleError (dart:async/future_impl.dart:177:22)
#4      Future._propagateToListeners.handleError (dart:async/future_impl.dart:858:47)
#5      Future._propagateToListeners (dart:async/future_impl.dart:879:13)
#6      Future._completeError (dart:async/future_impl.dart:655:5)
<asynchronous suspension>

The request analysis.setSubscriptions failed with the following error:
RequestErrorCode.PLUGIN_ERROR
Failed to read pubspec.yaml at /Users/kimdane/workspace/matrix_test:
ParsedYamlException: line 59, column 1: Expected a space but found a tab.
   ╷
59 │     firebase_storage: ^11.0.15
   │ ^^^^
   ╵
#0      checkedYamlDecode (package:checked_yaml/checked_yaml.dart:32:5)
#1      new Pubspec.parse (package:pubspec_parse/src/pubspec.dart:167:7)
#2      parsePubspec (package:custom_lint/src/package_utils.dart:84:18)
<asynchronous suspension>
#3      CustomLintProject.parse (package:custom_lint/src/workspace.dart:980:28)
<asynchronous suspension>
#4      Future.wait.<anonymous closure> (dart:async/future.dart:523:21)
<asynchronous suspension>
#5      CustomLintWorkspace.fromContextRoots (package:custom_lint/src/workspace.dart:487:22)
<asynchronous suspension>
#6      SocketCustomLintServerToClientChannel.create (package:custom_lint/src/v2/server_to_client_channel.dart:54:23)
<asynchronous suspension>
#7      CustomLintServer._maybeSpawnCustomLintPlugin (package:custom_lint/src/v2/custom_lint_analyzer_plugin.dart:347:23)
<asynchronous suspension>
#8      CustomLintServer._handleAnalysisSetContextRoots.<anonymous closure> (package:custom_lint/src/v2/custom_lint_analyzer_plugin.dart:328:9)
<asynchronous suspension>
#9      PendingOperation.run (package:custom_lint/src/async_operation.dart:22:14)
<asynchronous suspension>
#10     CustomLintServer._handleRequest (package:custom_lint/src/v2/custom_lint_analyzer_plugin.dart:160:22)
<asynchronous suspension>

at:
#0      CustomLintProject.parse.<anonymous closure> (package:custom_lint/src/workspace.dart:983:7)
#1      _rootRunBinary (dart:async/zone.dart:1423:47)
#2      _CustomZone.runBinary (dart:async/zone.dart:1315:19)
#3      _FutureListener.handleError (dart:async/future_impl.dart:177:22)
#4      Future._propagateToListeners.handleError (dart:async/future_impl.dart:858:47)
#5      Future._propagateToListeners (dart:async/future_impl.dart:879:13)
#6      Future._completeError (dart:async/future_impl.dart:655:5)
<asynchronous suspension>

The request analysis.updateContent failed with the following error:
RequestErrorCode.PLUGIN_ERROR
Failed to read pubspec.yaml at /Users/kimdane/workspace/matrix_test:
ParsedYamlException: line 59, column 1: Expected a space but found a tab.
   ╷
59 │     firebase_storage: ^11.0.15
   │ ^^^^
   ╵
#0      checkedYamlDecode (package:checked_yaml/checked_yaml.dart:32:5)
#1      new Pubspec.parse (package:pubspec_parse/src/pubspec.dart:167:7)
#2      parsePubspec (package:custom_lint/src/package_utils.dart:84:18)
<asynchronous suspension>
#3      CustomLintProject.parse (package:custom_lint/src/workspace.dart:980:28)
<asynchronous suspension>
#4      Future.wait.<anonymous closure> (dart:async/future.dart:523:21)
<asynchronous suspension>
#5      CustomLintWorkspace.fromContextRoots (package:custom_lint/src/workspace.dart:487:22)
<asynchronous suspension>
#6      SocketCustomLintServerToClientChannel.create (package:custom_lint/src/v2/server_to_client_channel.dart:54:23)
<asynchronous suspension>
#7      CustomLintServer._maybeSpawnCustomLintPlugin (package:custom_lint/src/v2/custom_lint_analyzer_plugin.dart:347:23)
<asynchronous suspension>
#8      CustomLintServer._handleAnalysisSetContextRoots.<anonymous closure> (package:custom_lint/src/v2/custom_lint_analyzer_plugin.dart:328:9)
<asynchronous suspension>
#9      PendingOperation.run (package:custom_lint/src/async_operation.dart:22:14)
<asynchronous suspension>
#10     CustomLintServer._handleRequest (package:custom_lint/src/v2/custom_lint_analyzer_plugin.dart:160:22)
<asynchronous suspension>

at:
#0      CustomLintProject.parse.<anonymous closure> (package:custom_lint/src/workspace.dart:983:7)
#1      _rootRunBinary (dart:async/zone.dart:1423:47)
#2      _CustomZone.runBinary (dart:async/zone.dart:1315:19)
#3      _FutureListener.handleError (dart:async/future_impl.dart:177:22)
#4      Future._propagateToListeners.handleError (dart:async/future_impl.dart:858:47)
#5      Future._propagateToListeners (dart:async/future_impl.dart:879:13)
#6      Future._completeError (dart:async/future_impl.dart:655:5)
<asynchronous suspension>

The request analysis.setPriorityFiles failed with the following error:
RequestErrorCode.PLUGIN_ERROR
Failed to read pubspec.yaml at /Users/kimdane/workspace/matrix_test:
ParsedYamlException: line 59, column 1: Expected a space but found a tab.
   ╷
59 │     firebase_storage: ^11.0.15
   │ ^^^^
   ╵
#0      checkedYamlDecode (package:checked_yaml/checked_yaml.dart:32:5)
#1      new Pubspec.parse (package:pubspec_parse/src/pubspec.dart:167:7)
#2      parsePubspec (package:custom_lint/src/package_utils.dart:84:18)
<asynchronous suspension>
#3      CustomLintProject.parse (package:custom_lint/src/workspace.dart:980:28)
<asynchronous suspension>
#4      Future.wait.<anonymous closure> (dart:async/future.dart:523:21)
<asynchronous suspension>
#5      CustomLintWorkspace.fromContextRoots (package:custom_lint/src/workspace.dart:487:22)
<asynchronous suspension>
#6      SocketCustomLintServerToClientChannel.create (package:custom_lint/src/v2/server_to_client_channel.dart:54:23)
<asynchronous suspension>
#7      CustomLintServer._maybeSpawnCustomLintPlugin (package:custom_lint/src/v2/custom_lint_analyzer_plugin.dart:347:23)
<asynchronous suspension>
#8      CustomLintServer._handleAnalysisSetContextRoots.<anonymous closure> (package:custom_lint/src/v2/custom_lint_analyzer_plugin.dart:328:9)
<asynchronous suspension>
#9      PendingOperation.run (package:custom_lint/src/async_operation.dart:22:14)
<asynchronous suspension>
#10     CustomLintServer._handleRequest (package:custom_lint/src/v2/custom_lint_analyzer_plugin.dart:160:22)
<asynchronous suspension>

at:
#0      CustomLintProject.parse.<anonymous closure> (package:custom_lint/src/workspace.dart:983:7)
#1      _rootRunBinary (dart:async/zone.dart:1423:47)
#2      _CustomZone.runBinary (dart:async/zone.dart:1315:19)
#3      _FutureListener.handleError (dart:async/future_impl.dart:177:22)
#4      Future._propagateToListeners.handleError (dart:async/future_impl.dart:858:47)
#5      Future._propagateToListeners (dart:async/future_impl.dart:879:13)
#6      Future._completeError (dart:async/future_impl.dart:655:5)
<asynchronous suspension>

The request analysis.setPriorityFiles failed with the following error:
RequestErrorCode.PLUGIN_ERROR
Failed to read pubspec.yaml at /Users/kimdane/workspace/matrix_test:
ParsedYamlException: line 59, column 1: Expected a space but found a tab.
   ╷
59 │     firebase_storage: ^11.0.15
   │ ^^^^
   ╵
#0      checkedYamlDecode (package:checked_yaml/checked_yaml.dart:32:5)
#1      new Pubspec.parse (package:pubspec_parse/src/pubspec.dart:167:7)
#2      parsePubspec (package:custom_lint/src/package_utils.dart:84:18)
<asynchronous suspension>
#3      CustomLintProject.parse (package:custom_lint/src/workspace.dart:980:28)
<asynchronous suspension>
#4      Future.wait.<anonymous closure> (dart:async/future.dart:523:21)
<asynchronous suspension>
#5      CustomLintWorkspace.fromContextRoots (package:custom_lint/src/workspace.dart:487:22)
<asynchronous suspension>
#6      SocketCustomLintServerToClientChannel.create (package:custom_lint/src/v2/server_to_client_channel.dart:54:23)
<asynchronous suspension>
#7      CustomLintServer._maybeSpawnCustomLintPlugin (package:custom_lint/src/v2/custom_lint_analyzer_plugin.dart:347:23)
<asynchronous suspension>
#8      CustomLintServer._handleAnalysisSetContextRoots.<anonymous closure> (package:custom_lint/src/v2/custom_lint_analyzer_plugin.dart:328:9)
<asynchronous suspension>
#9      PendingOperation.run (package:custom_lint/src/async_operation.dart:22:14)
<asynchronous suspension>
#10     CustomLintServer._handleRequest (package:custom_lint/src/v2/custom_lint_analyzer_plugin.dart:160:22)
<asynchronous suspension>

at:
#0      CustomLintProject.parse.<anonymous closure> (package:custom_lint/src/workspace.dart:983:7)
#1      _rootRunBinary (dart:async/zone.dart:1423:47)
#2      _CustomZone.runBinary (dart:async/zone.dart:1315:19)
#3      _FutureListener.handleError (dart:async/future_impl.dart:177:22)
#4      Future._propagateToListeners.handleError (dart:async/future_impl.dart:858:47)
#5      Future._propagateToListeners (dart:async/future_impl.dart:879:13)
#6      Future._completeError (dart:async/future_impl.dart:655:5)
<asynchronous suspension>

The request analysis.setSubscriptions failed with the following error:
RequestErrorCode.PLUGIN_ERROR
Failed to read pubspec.yaml at /Users/kimdane/workspace/matrix_test:
ParsedYamlException: line 59, column 1: Expected a space but found a tab.
   ╷
59 │     firebase_storage: ^11.0.15
   │ ^^^^
   ╵
#0      checkedYamlDecode (package:checked_yaml/checked_yaml.dart:32:5)
#1      new Pubspec.parse (package:pubspec_parse/src/pubspec.dart:167:7)
#2      parsePubspec (package:custom_lint/src/package_utils.dart:84:18)
<asynchronous suspension>
#3      CustomLintProject.parse (package:custom_lint/src/workspace.dart:980:28)
<asynchronous suspension>
#4      Future.wait.<anonymous closure> (dart:async/future.dart:523:21)
<asynchronous suspension>
#5      CustomLintWorkspace.fromContextRoots (package:custom_lint/src/workspace.dart:487:22)
<asynchronous suspension>
#6      SocketCustomLintServerToClientChannel.create (package:custom_lint/src/v2/server_to_client_channel.dart:54:23)
<asynchronous suspension>
#7      CustomLintServer._maybeSpawnCustomLintPlugin (package:custom_lint/src/v2/custom_lint_analyzer_plugin.dart:347:23)
<asynchronous suspension>
#8      CustomLintServer._handleAnalysisSetContextRoots.<anonymous closure> (package:custom_lint/src/v2/custom_lint_analyzer_plugin.dart:328:9)
<asynchronous suspension>
#9      PendingOperation.run (package:custom_lint/src/async_operation.dart:22:14)
<asynchronous suspension>
#10     CustomLintServer._handleRequest (package:custom_lint/src/v2/custom_lint_analyzer_plugin.dart:160:22)
<asynchronous suspension>

at:
#0      CustomLintProject.parse.<anonymous closure> (package:custom_lint/src/workspace.dart:983:7)
#1      _rootRunBinary (dart:async/zone.dart:1423:47)
#2      _CustomZone.runBinary (dart:async/zone.dart:1315:19)
#3      _FutureListener.handleError (dart:async/future_impl.dart:177:22)
#4      Future._propagateToListeners.handleError (dart:async/future_impl.dart:858:47)
#5      Future._propagateToListeners (dart:async/future_impl.dart:879:13)
#6      Future._completeError (dart:async/future_impl.dart:655:5)
<asynchronous suspension>

The request analysis.updateContent failed with the following error:
RequestErrorCode.PLUGIN_ERROR
Failed to read pubspec.yaml at /Users/kimdane/workspace/matrix_test:
ParsedYamlException: line 59, column 1: Expected a space but found a tab.
   ╷
59 │     firebase_storage: ^11.0.15
   │ ^^^^
   ╵
#0      checkedYamlDecode (package:checked_yaml/checked_yaml.dart:32:5)
#1      new Pubspec.parse (package:pubspec_parse/src/pubspec.dart:167:7)
#2      parsePubspec (package:custom_lint/src/package_utils.dart:84:18)
<asynchronous suspension>
#3      CustomLintProject.parse (package:custom_lint/src/workspace.dart:980:28)
<asynchronous suspension>
#4      Future.wait.<anonymous closure> (dart:async/future.dart:523:21)
<asynchronous suspension>
#5      CustomLintWorkspace.fromContextRoots (package:custom_lint/src/workspace.dart:487:22)
<asynchronous suspension>
#6      SocketCustomLintServerToClientChannel.create (package:custom_lint/src/v2/server_to_client_channel.dart:54:23)
<asynchronous suspension>
#7      CustomLintServer._maybeSpawnCustomLintPlugin (package:custom_lint/src/v2/custom_lint_analyzer_plugin.dart:347:23)
<asynchronous suspension>
#8      CustomLintServer._handleAnalysisSetContextRoots.<anonymous closure> (package:custom_lint/src/v2/custom_lint_analyzer_plugin.dart:328:9)
<asynchronous suspension>
#9      PendingOperation.run (package:custom_lint/src/async_operation.dart:22:14)
<asynchronous suspension>
#10     CustomLintServer._handleRequest (package:custom_lint/src/v2/custom_lint_analyzer_plugin.dart:160:22)
<asynchronous suspension>

at:
#0      CustomLintProject.parse.<anonymous closure> (package:custom_lint/src/workspace.dart:983:7)
#1      _rootRunBinary (dart:async/zone.dart:1423:47)
#2      _CustomZone.runBinary (dart:async/zone.dart:1315:19)
#3      _FutureListener.handleError (dart:async/future_impl.dart:177:22)
#4      Future._propagateToListeners.handleError (dart:async/future_impl.dart:858:47)
#5      Future._propagateToListeners (dart:async/future_impl.dart:879:13)
#6      Future._completeError (dart:async/future_impl.dart:655:5)
<asynchronous suspension>

The request analysis.updateContent failed with the following error:
RequestErrorCode.PLUGIN_ERROR
Failed to read pubspec.yaml at /Users/kimdane/workspace/matrix_test:
ParsedYamlException: line 59, column 1: Expected a space but found a tab.
   ╷
59 │     firebase_storage: ^11.0.15
   │ ^^^^
   ╵
#0      checkedYamlDecode (package:checked_yaml/checked_yaml.dart:32:5)
#1      new Pubspec.parse (package:pubspec_parse/src/pubspec.dart:167:7)
#2      parsePubspec (package:custom_lint/src/package_utils.dart:84:18)
<asynchronous suspension>
#3      CustomLintProject.parse (package:custom_lint/src/workspace.dart:980:28)
<asynchronous suspension>
#4      Future.wait.<anonymous closure> (dart:async/future.dart:523:21)
<asynchronous suspension>
#5      CustomLintWorkspace.fromContextRoots (package:custom_lint/src/workspace.dart:487:22)
<asynchronous suspension>
#6      SocketCustomLintServerToClientChannel.create (package:custom_lint/src/v2/server_to_client_channel.dart:54:23)
<asynchronous suspension>
#7      CustomLintServer._maybeSpawnCustomLintPlugin (package:custom_lint/src/v2/custom_lint_analyzer_plugin.dart:347:23)
<asynchronous suspension>
#8      CustomLintServer._handleAnalysisSetContextRoots.<anonymous closure> (package:custom_lint/src/v2/custom_lint_analyzer_plugin.dart:328:9)
<asynchronous suspension>
#9      PendingOperation.run (package:custom_lint/src/async_operation.dart:22:14)
<asynchronous suspension>
#10     CustomLintServer._handleRequest (package:custom_lint/src/v2/custom_lint_analyzer_plugin.dart:160:22)
<asynchronous suspension>

at:
#0      CustomLintProject.parse.<anonymous closure> (package:custom_lint/src/workspace.dart:983:7)
#1      _rootRunBinary (dart:async/zone.dart:1423:47)
#2      _CustomZone.runBinary (dart:async/zone.dart:1315:19)
#3      _FutureListener.handleError (dart:async/future_impl.dart:177:22)
#4      Future._propagateToListeners.handleError (dart:async/future_impl.dart:858:47)
#5      Future._propagateToListeners (dart:async/future_impl.dart:879:13)
#6      Future._completeError (dart:async/future_impl.dart:655:5)
<asynchronous suspension>

The request analysis.setPriorityFiles failed with the following error:
RequestErrorCode.PLUGIN_ERROR
Failed to read pubspec.yaml at /Users/kimdane/workspace/matrix_test:
ParsedYamlException: line 59, column 1: Expected a space but found a tab.
   ╷
59 │     firebase_storage: ^11.0.15
   │ ^^^^
   ╵
#0      checkedYamlDecode (package:checked_yaml/checked_yaml.dart:32:5)
#1      new Pubspec.parse (package:pubspec_parse/src/pubspec.dart:167:7)
#2      parsePubspec (package:custom_lint/src/package_utils.dart:84:18)
<asynchronous suspension>
#3      CustomLintProject.parse (package:custom_lint/src/workspace.dart:980:28)
<asynchronous suspension>
#4      Future.wait.<anonymous closure> (dart:async/future.dart:523:21)
<asynchronous suspension>
#5      CustomLintWorkspace.fromContextRoots (package:custom_lint/src/workspace.dart:487:22)
<asynchronous suspension>
#6      SocketCustomLintServerToClientChannel.create (package:custom_lint/src/v2/server_to_client_channel.dart:54:23)
<asynchronous suspension>
#7      CustomLintServer._maybeSpawnCustomLintPlugin (package:custom_lint/src/v2/custom_lint_analyzer_plugin.dart:347:23)
<asynchronous suspension>
#8      CustomLintServer._handleAnalysisSetContextRoots.<anonymous closure> (package:custom_lint/src/v2/custom_lint_analyzer_plugin.dart:328:9)
<asynchronous suspension>
#9      PendingOperation.run (package:custom_lint/src/async_operation.dart:22:14)
<asynchronous suspension>
#10     CustomLintServer._handleRequest (package:custom_lint/src/v2/custom_lint_analyzer_plugin.dart:160:22)
<asynchronous suspension>

at:
#0      CustomLintProject.parse.<anonymous closure> (package:custom_lint/src/workspace.dart:983:7)
#1      _rootRunBinary (dart:async/zone.dart:1423:47)
#2      _CustomZone.runBinary (dart:async/zone.dart:1315:19)
#3      _FutureListener.handleError (dart:async/future_impl.dart:177:22)
#4      Future._propagateToListeners.handleError (dart:async/future_impl.dart:858:47)
#5      Future._propagateToListeners (dart:async/future_impl.dart:879:13)
#6      Future._completeError (dart:async/future_impl.dart:655:5)
<asynchronous suspension>

The request analysis.setSubscriptions failed with the following error:
RequestErrorCode.PLUGIN_ERROR
Failed to read pubspec.yaml at /Users/kimdane/workspace/matrix_test:
ParsedYamlException: line 59, column 1: Expected a space but found a tab.
   ╷
59 │     firebase_storage: ^11.0.15
   │ ^^^^
   ╵
#0      checkedYamlDecode (package:checked_yaml/checked_yaml.dart:32:5)
#1      new Pubspec.parse (package:pubspec_parse/src/pubspec.dart:167:7)
#2      parsePubspec (package:custom_lint/src/package_utils.dart:84:18)
<asynchronous suspension>
#3      CustomLintProject.parse (package:custom_lint/src/workspace.dart:980:28)
<asynchronous suspension>
#4      Future.wait.<anonymous closure> (dart:async/future.dart:523:21)
<asynchronous suspension>
#5      CustomLintWorkspace.fromContextRoots (package:custom_lint/src/workspace.dart:487:22)
<asynchronous suspension>
#6      SocketCustomLintServerToClientChannel.create (package:custom_lint/src/v2/server_to_client_channel.dart:54:23)
<asynchronous suspension>
#7      CustomLintServer._maybeSpawnCustomLintPlugin (package:custom_lint/src/v2/custom_lint_analyzer_plugin.dart:347:23)
<asynchronous suspension>
#8      CustomLintServer._handleAnalysisSetContextRoots.<anonymous closure> (package:custom_lint/src/v2/custom_lint_analyzer_plugin.dart:328:9)
<asynchronous suspension>
#9      PendingOperation.run (package:custom_lint/src/async_operation.dart:22:14)
<asynchronous suspension>
#10     CustomLintServer._handleRequest (package:custom_lint/src/v2/custom_lint_analyzer_plugin.dart:160:22)
<asynchronous suspension>

at:
#0      CustomLintProject.parse.<anonymous closure> (package:custom_lint/src/workspace.dart:983:7)
#1      _rootRunBinary (dart:async/zone.dart:1423:47)
#2      _CustomZone.runBinary (dart:async/zone.dart:1315:19)
#3      _FutureListener.handleError (dart:async/future_impl.dart:177:22)
#4      Future._propagateToListeners.handleError (dart:async/future_impl.dart:858:47)
#5      Future._propagateToListeners (dart:async/future_impl.dart:879:13)
#6      Future._completeError (dart:async/future_impl.dart:655:5)
<asynchronous suspension>

The request analysis.updateContent failed with the following error:
RequestErrorCode.PLUGIN_ERROR
Failed to read pubspec.yaml at /Users/kimdane/workspace/matrix_test:
ParsedYamlException: line 59, column 1: Expected a space but found a tab.
   ╷
59 │     firebase_storage: ^11.0.15
   │ ^^^^
   ╵
#0      checkedYamlDecode (package:checked_yaml/checked_yaml.dart:32:5)
#1      new Pubspec.parse (package:pubspec_parse/src/pubspec.dart:167:7)
#2      parsePubspec (package:custom_lint/src/package_utils.dart:84:18)
<asynchronous suspension>
#3      CustomLintProject.parse (package:custom_lint/src/workspace.dart:980:28)
<asynchronous suspension>
#4      Future.wait.<anonymous closure> (dart:async/future.dart:523:21)
<asynchronous suspension>
#5      CustomLintWorkspace.fromContextRoots (package:custom_lint/src/workspace.dart:487:22)
<asynchronous suspension>
#6      SocketCustomLintServerToClientChannel.create (package:custom_lint/src/v2/server_to_client_channel.dart:54:23)
<asynchronous suspension>
#7      CustomLintServer._maybeSpawnCustomLintPlugin (package:custom_lint/src/v2/custom_lint_analyzer_plugin.dart:347:23)
<asynchronous suspension>
#8      CustomLintServer._handleAnalysisSetContextRoots.<anonymous closure> (package:custom_lint/src/v2/custom_lint_analyzer_plugin.dart:328:9)
<asynchronous suspension>
#9      PendingOperation.run (package:custom_lint/src/async_operation.dart:22:14)
<asynchronous suspension>
#10     CustomLintServer._handleRequest (package:custom_lint/src/v2/custom_lint_analyzer_plugin.dart:160:22)
<asynchronous suspension>

at:
#0      CustomLintProject.parse.<anonymous closure> (package:custom_lint/src/workspace.dart:983:7)
#1      _rootRunBinary (dart:async/zone.dart:1423:47)
#2      _CustomZone.runBinary (dart:async/zone.dart:1315:19)
#3      _FutureListener.handleError (dart:async/future_impl.dart:177:22)
#4      Future._propagateToListeners.handleError (dart:async/future_impl.dart:858:47)
#5      Future._propagateToListeners (dart:async/future_impl.dart:879:13)
#6      Future._completeError (dart:async/future_impl.dart:655:5)
<asynchronous suspension>

The Dart VM service is listening on http://127.0.0.1:64115/66f3CVwGkgg=/
The Dart DevTools debugger and profiler is available at: http://127.0.0.1:64115/66f3CVwGkgg=/devtools?uri=ws://127.0.0.1:64115/66f3CVwGkgg=/ws
The Dart VM service is listening on http://127.0.0.1:64336/cv4ZuGc3sj8=/
The Dart DevTools debugger and profiler is available at: http://127.0.0.1:64336/cv4ZuGc3sj8=/devtools?uri=ws://127.0.0.1:64336/cv4ZuGc3sj8=/ws
The Dart VM service is listening on http://127.0.0.1:64462/EPsJEO3Hqco=/
The Dart DevTools debugger and profiler is available at: http://127.0.0.1:64462/EPsJEO3Hqco=/devtools?uri=ws://127.0.0.1:64462/EPsJEO3Hqco=/ws
The Dart VM service is listening on http://127.0.0.1:64600/MEkxyFTOoh4=/
The Dart DevTools debugger and profiler is available at: http://127.0.0.1:64600/MEkxyFTOoh4=/devtools?uri=ws://127.0.0.1:64600/MEkxyFTOoh4=/ws
The Dart VM service is listening on http://127.0.0.1:49992/es5fkr8Q9dU=/
The Dart DevTools debugger and profiler is available at: http://127.0.0.1:49992/es5fkr8Q9dU=/devtools?uri=ws://127.0.0.1:49992/es5fkr8Q9dU=/ws
The Dart VM service is listening on http://127.0.0.1:55479/E3XGGut07lU=/
The Dart DevTools debugger and profiler is available at: http://127.0.0.1:55479/E3XGGut07lU=/devtools?uri=ws://127.0.0.1:55479/E3XGGut07lU=/ws
The Dart VM service is listening on http://127.0.0.1:59339/Lgw3d36t4e8=/
The Dart DevTools debugger and profiler is available at: http://127.0.0.1:59339/Lgw3d36t4e8=/devtools?uri=ws://127.0.0.1:59339/Lgw3d36t4e8=/ws
The Dart VM service is listening on http://127.0.0.1:59849/21WlNRsRk9w=/
The Dart DevTools debugger and profiler is available at: http://127.0.0.1:59849/21WlNRsRk9w=/devtools?uri=ws://127.0.0.1:59849/21WlNRsRk9w=/ws
The Dart VM service is listening on http://127.0.0.1:60321/CeU9CsyOXNk=/
The Dart DevTools debugger and profiler is available at: http://127.0.0.1:60321/CeU9CsyOXNk=/devtools?uri=ws://127.0.0.1:60321/CeU9CsyOXNk=/ws
The Dart VM service is listening on http://127.0.0.1:60534/IK-CtMo2i7o=/
The Dart DevTools debugger and profiler is available at: http://127.0.0.1:60534/IK-CtMo2i7o=/devtools?uri=ws://127.0.0.1:60534/IK-CtMo2i7o=/ws
The Dart VM service is listening on http://127.0.0.1:58041/b_U1EUo2z5A=/
The Dart DevTools debugger and profiler is available at: http://127.0.0.1:58041/b_U1EUo2z5A=/devtools?uri=ws://127.0.0.1:58041/b_U1EUo2z5A=/ws
The Dart VM service is listening on http://127.0.0.1:49866/KNMYkI_4jsc=/
The Dart DevTools debugger and profiler is available at: http://127.0.0.1:49866/KNMYkI_4jsc=/devtools?uri=ws://127.0.0.1:49866/KNMYkI_4jsc=/ws
The Dart VM service is listening on http://127.0.0.1:50092/AXiDun6jlJg=/
The Dart DevTools debugger and profiler is available at: http://127.0.0.1:50092/AXiDun6jlJg=/devtools?uri=ws://127.0.0.1:50092/AXiDun6jlJg=/ws
The Dart VM service is listening on http://127.0.0.1:50925/CrKF5IihwFM=/
The Dart DevTools debugger and profiler is available at: http://127.0.0.1:50925/CrKF5IihwFM=/devtools?uri=ws://127.0.0.1:50925/CrKF5IihwFM=/ws
The Dart VM service is listening on http://127.0.0.1:51143/bCjoHAfeZ3A=/
The Dart DevTools debugger and profiler is available at: http://127.0.0.1:51143/bCjoHAfeZ3A=/devtools?uri=ws://127.0.0.1:51143/bCjoHAfeZ3A=/ws
The Dart VM service is listening on http://127.0.0.1:51276/scb_6miRfQI=/
The Dart DevTools debugger and profiler is available at: http://127.0.0.1:51276/scb_6miRfQI=/devtools?uri=ws://127.0.0.1:51276/scb_6miRfQI=/ws
The Dart VM service is listening on http://127.0.0.1:59480/Avj1nPrVGcM=/
The Dart DevTools debugger and profiler is available at: http://127.0.0.1:59480/Avj1nPrVGcM=/devtools?uri=ws://127.0.0.1:59480/Avj1nPrVGcM=/ws
The Dart VM service is listening on http://127.0.0.1:59683/uHgtIlSrCIM=/
The Dart DevTools debugger and profiler is available at: http://127.0.0.1:59683/uHgtIlSrCIM=/devtools?uri=ws://127.0.0.1:59683/uHgtIlSrCIM=/ws
The Dart VM service is listening on http://127.0.0.1:59839/eHp8YKWLyOc=/
The Dart DevTools debugger and profiler is available at: http://127.0.0.1:59839/eHp8YKWLyOc=/devtools?uri=ws://127.0.0.1:59839/eHp8YKWLyOc=/ws
The Dart VM service is listening on http://127.0.0.1:59971/DGRmwITw9ZU=/
The Dart DevTools debugger and profiler is available at: http://127.0.0.1:59971/DGRmwITw9ZU=/devtools?uri=ws://127.0.0.1:59971/DGRmwITw9ZU=/ws
